<?xml version="1.0" encoding="UTF-8"?>
<!-- Generated by org.testng.reporters.JUnitReportReporter -->
<testsuite skipped="0" hostname="Hossains-MacBook-Pro.local" name="apiTest.SampleTest" tests="1" failures="0" timestamp="2021-09-26T08:23:43 EDT" time="0.006" errors="0">
  <testcase name="test" time="0.006" classname="apiTest.SampleTest"/>
  <system-out/>
</testsuite> <!-- apiTest.SampleTest -->
