<?xml version="1.0" encoding="UTF-8"?>
<!-- Generated by org.testng.reporters.JUnitReportReporter -->
<testsuite skipped="0" hostname="Hossains-MacBook-Pro.local" name="apiTest.SampleTest" tests="1" failures="0" timestamp="2021-09-29T00:31:29 EDT" time="0.014" errors="0">
  <testcase name="validateReadFileFromResourcesFunction" time="0.014" classname="apiTest.SampleTest"/>
  <system-out/>
</testsuite> <!-- apiTest.SampleTest -->
