<?xml version="1.0" encoding="UTF-8"?>
<!-- Generated by org.testng.reporters.JUnitReportReporter -->
<testsuite skipped="0" hostname="Hossains-MacBook-Pro.local" name="apiTest.SampleTest" tests="1" failures="0" timestamp="2021-10-02T01:35:34 EDT" time="0.015" errors="0">
  <testcase name="validateReadFileFromResourcesFunction" time="0.015" classname="apiTest.SampleTest"/>
  <system-out/>
</testsuite> <!-- apiTest.SampleTest -->
