<?xml version="1.0" encoding="UTF-8"?>
<!-- Generated by org.testng.reporters.JUnitReportReporter -->
<testsuite hostname="Hossains-MacBook-Pro.local" failures="0" tests="1" name="apiTest.SampleTest" time="0.004" errors="0" timestamp="2021-09-26T21:17:19 EDT" skipped="0">
  <testcase classname="apiTest.SampleTest" name="test" time="0.004"/>
</testsuite> <!-- apiTest.SampleTest -->
